# JRE version: Java(TM) SE Runtime Environment (13.0+33) (build 13+33)
# Java VM: Java HotSpot(TM) 64-Bit Server VM (13+33, mixed mode, sharing, tiered, compressed oops, g1 gc, windows-amd64)
Heap:
 garbage-first heap   total 71680K, used 24780K [0x0000000082400000, 0x0000000100000000)
  region size 1024K, 20 young (20480K), 1 survivors (1024K)
 Metaspace       used 18494K, capacity 18876K, committed 18944K, reserved 1081344K
  class space    used 2092K, capacity 2274K, committed 2304K, reserved 1048576K
GC Heap History (12 events):
Event: 0.105 GC heap before
{Heap before GC invocations=0 (full 0):
 garbage-first heap   total 129024K, used 2048K [0x0000000082400000, 0x0000000100000000)
  region size 1024K, 3 young (3072K), 0 survivors (0K)
 Metaspace       used 778K, capacity 1157K, committed 1280K, reserved 1067008K
  class space    used 78K, capacity 426K, committed 512K, reserved 1048576K
}
Event: 0.108 GC heap after
{Heap after GC invocations=1 (full 0):
 garbage-first heap   total 129024K, used 1066K [0x0000000082400000, 0x0000000100000000)
  region size 1024K, 2 young (2048K), 2 survivors (2048K)
 Metaspace       used 778K, capacity 1157K, committed 1280K, reserved 1067008K
  class space    used 78K, capacity 426K, committed 512K, reserved 1048576K
}
Event: 0.532 GC heap before
{Heap before GC invocations=2 (full 0):
 garbage-first heap   total 10240K, used 9258K [0x0000000082400000, 0x0000000100000000)
  region size 1024K, 10 young (10240K), 2 survivors (2048K)
 Metaspace       used 9265K, capacity 9616K, committed 9728K, reserved 1073152K
  class space    used 1114K, capacity 1237K, committed 1280K, reserved 1048576K
}
Event: 0.536 GC heap after
{Heap after GC invocations=3 (full 0):
 garbage-first heap   total 13312K, used 2492K [0x0000000082400000, 0x0000000100000000)
  region size 1024K, 3 young (3072K), 3 survivors (3072K)
 Metaspace       used 9265K, capacity 9616K, committed 9728K, reserved 1073152K
  class space    used 1114K, capacity 1237K, committed 1280K, reserved 1048576K
}
Event: 0.788 GC heap before
{Heap before GC invocations=3 (full 0):
 garbage-first heap   total 13312K, used 4540K [0x0000000082400000, 0x0000000100000000)
  region size 1024K, 6 young (6144K), 3 survivors (3072K)
 Metaspace       used 10697K, capacity 11029K, committed 11264K, reserved 1075200K
  class space    used 1263K, capacity 1414K, committed 1536K, reserved 1048576K
}
Event: 0.792 GC heap after
{Heap after GC invocations=4 (full 0):
 garbage-first heap   total 13312K, used 2895K [0x0000000082400000, 0x0000000100000000)
  region size 1024K, 1 young (1024K), 1 survivors (1024K)
 Metaspace       used 10697K, capacity 11029K, committed 11264K, reserved 1075200K
  class space    used 1263K, capacity 1414K, committed 1536K, reserved 1048576K
}
Event: 0.875 GC heap before
{Heap before GC invocations=4 (full 0):
 garbage-first heap   total 13312K, used 5967K [0x0000000082400000, 0x0000000100000000)
  region size 1024K, 4 young (4096K), 1 survivors (1024K)
 Metaspace       used 12422K, capacity 12806K, committed 12928K, reserved 1077248K
  class space    used 1459K, capacity 1623K, committed 1664K, reserved 1048576K
}
Event: 0.876 GC heap after
{Heap after GC invocations=5 (full 0):
 garbage-first heap   total 13312K, used 3264K [0x0000000082400000, 0x0000000100000000)
  region size 1024K, 1 young (1024K), 1 survivors (1024K)
 Metaspace       used 12422K, capacity 12806K, committed 12928K, reserved 1077248K
  class space    used 1459K, capacity 1623K, committed 1664K, reserved 1048576K
}
Event: 1.121 GC heap before
{Heap before GC invocations=5 (full 0):
 garbage-first heap   total 13312K, used 6336K [0x0000000082400000, 0x0000000100000000)
  region size 1024K, 4 young (4096K), 1 survivors (1024K)
 Metaspace       used 14639K, capacity 15119K, committed 15360K, reserved 1079296K
  class space    used 1744K, capacity 1925K, committed 2048K, reserved 1048576K
}
Event: 1.125 GC heap after
{Heap after GC invocations=6 (full 0):
 garbage-first heap   total 13312K, used 4386K [0x0000000082400000, 0x0000000100000000)
  region size 1024K, 1 young (1024K), 1 survivors (1024K)
 Metaspace       used 14639K, capacity 15119K, committed 15360K, reserved 1079296K
  class space    used 1744K, capacity 1925K, committed 2048K, reserved 1048576K
}
Event: 1.398 GC heap before
{Heap before GC invocations=6 (full 0):
 garbage-first heap   total 13312K, used 8482K [0x0000000082400000, 0x0000000100000000)
  region size 1024K, 4 young (4096K), 1 survivors (1024K)
 Metaspace       used 16674K, capacity 17110K, committed 17280K, reserved 1079296K
  class space    used 1974K, capacity 2164K, committed 2176K, reserved 1048576K
}
Event: 1.402 GC heap after
{Heap after GC invocations=7 (full 0):
 garbage-first heap   total 71680K, used 6348K [0x0000000082400000, 0x0000000100000000)
  region size 1024K, 1 young (1024K), 1 survivors (1024K)
 Metaspace       used 16674K, capacity 17110K, committed 17280K, reserved 1079296K
  class space    used 1974K, capacity 2164K, committed 2176K, reserved 1048576K
}

